g:\projects\memorygame\memorygame\debug\memorygame.pch
g:\projects\memorygame\memorygame\debug\vc140.pdb
g:\projects\memorygame\memorygame\debug\vc140.idb
g:\projects\memorygame\memorygame\debug\pch.obj
g:\projects\memorygame\memorygame\debug\app.xaml.obj
g:\projects\memorygame\memorygame\debug\xamltypeinfo.impl.g.obj
g:\projects\memorygame\memorygame\debug\mainpage.xaml.obj
g:\projects\memorygame\memorygame\debug\xamltypeinfo.g.obj
g:\projects\memorygame\debug\memorygame\memorygame.winmd
g:\projects\memorygame\memorygame\debug\memorygame.tlog\memorygame.winmd.lastbuild
g:\projects\memorygame\debug\memorygame\memorygame.ilk
g:\projects\memorygame\debug\memorygame\memorygame.exe
g:\projects\memorygame\debug\memorygame\memorygame.pdb
g:\projects\memorygame\debug\memorygame\memorygame.lib
g:\projects\memorygame\debug\memorygame\memorygame.exp
g:\projects\memorygame\memorygame\debug\memorygame.vcxprojresolveassemblyreference.cache
g:\projects\memorygame\memorygame\generated files\app.g.h
g:\projects\memorygame\memorygame\generated files\mainpage.g.h
g:\projects\memorygame\memorygame\generated files\xamllibmetadataprovider.g.cpp
g:\projects\memorygame\memorygame\generated files\xamltypeinfo.impl.g.cpp
g:\projects\memorygame\memorygame\generated files\app.xaml
g:\projects\memorygame\memorygame\generated files\dictionary.xaml
g:\projects\memorygame\memorygame\generated files\mainpage.xaml
g:\projects\memorygame\memorygame\generated files\app.xbf
g:\projects\memorygame\memorygame\generated files\dictionary.xbf
g:\projects\memorygame\memorygame\generated files\mainpage.xbf
g:\projects\memorygame\memorygame\debug\xamlsavestatefile.xml
g:\projects\memorygame\memorygame\generated files\xamltypeinfo.g.cpp
g:\projects\memorygame\debug\memorygame\app.xbf
g:\projects\memorygame\debug\memorygame\dictionary.xbf
g:\projects\memorygame\debug\memorygame\mainpage.xbf
g:\projects\memorygame\memorygame\debug\resourcehandlingtask.state
g:\projects\memorygame\memorygame\debug\priconfig.xml
g:\projects\memorygame\memorygame\debug\priconfig.xml.intermediate
g:\projects\memorygame\memorygame\debug\layout.resfiles
g:\projects\memorygame\memorygame\debug\layout.resfiles.intermediate
g:\projects\memorygame\memorygame\debug\resources.resfiles
g:\projects\memorygame\memorygame\debug\resources.resfiles.intermediate
g:\projects\memorygame\memorygame\debug\pri.resfiles
g:\projects\memorygame\memorygame\debug\pri.resfiles.intermediate
g:\projects\memorygame\debug\memorygame\resources.pri
g:\projects\memorygame\memorygame\debug\qualifiers.txt
g:\projects\memorygame\memorygame\debug\qualifiers.txt.intermediate
g:\projects\memorygame\memorygame\debug\multiplequalifiersperdimensionfound.txt
g:\projects\memorygame\memorygame\debug\projectarchitectures.txt
g:\projects\memorygame\debug\memorygame\appxmanifest.xml
g:\projects\memorygame\debug\memorygame\memorygame.build.appxrecipe
g:\projects\memorygame\memorygame\debug\embed.resfiles
g:\projects\memorygame\memorygame\debug\memorygame.tlog\cl.command.1.tlog
g:\projects\memorygame\memorygame\debug\memorygame.tlog\cl.read.1.tlog
g:\projects\memorygame\memorygame\debug\memorygame.tlog\cl.write.1.tlog
g:\projects\memorygame\memorygame\debug\memorygame.tlog\link.command.1.tlog
g:\projects\memorygame\memorygame\debug\memorygame.tlog\link.read.1.tlog
g:\projects\memorygame\memorygame\debug\memorygame.tlog\link.write.1.tlog
g:\projects\memorygame\memorygame\debug\memorygame.tlog\memorygame.read.1u.tlog
g:\projects\memorygame\memorygame\debug\memorygame.tlog\memorygame.write.1u.tlog
g:\projects\memorygame\memorygame\generated files\dictionary.g.h
g:\projects\memorygame\memorygame\generated files\xamlbindinginfo.g.h
g:\projects\memorygame\memorygame\generated files\xamltypeinfo.g.h
